musicplugin/build/outputs/mapping/phoneRelease/seeds.txt
com.example.musicplugin.LoginWebActivity
com.example.musicplugin.MusicApi$getCoverFromKugou$1
com.example.musicplugin.MainActivity$serviceConnection$1
com.example.musicplugin.PvSearchActivity$PvAdapter
com.example.musicplugin.MainActivity$onCreate$9
com.example.musicplugin.SettingsActivity$onCreate$6
com.example.musicplugin.MusicService$createMediaSession$1$1
com.example.musicplugin.databinding.DialogAnnouncementBinding
com.example.musicplugin.HtmlIntroActivity
com.example.musicplugin.DesktopLyricService$serviceConnection$1
com.example.musicplugin.MainActivity$onCreate$6
com.example.musicplugin.MainActivity$progressRunnable$1
com.example.musicplugin.SignatureVerifier$getSignatureSha256$1
com.example.musicplugin.HtmlIntroActivity$IntroWebViewClient
com.example.musicplugin.MusicApi$OnlineMv
com.example.musicplugin.MusicApi$getKugouPlayUrl$1
com.example.musicplugin.RecognizeActivity$searchInSource$1
com.example.musicplugin.RecognizeFloatingService$WhenMappings
com.example.musicplugin.RecognizeFloatingService$enterRecording$1$1
com.example.musicplugin.MusicApi$WhenMappings
com.example.musicplugin.MusicApi$searchMvBySongTitle$1$1
com.example.musicplugin.MusicApi$getLyricsByTitle$1
com.example.musicplugin.ShazamFingerprint$FrequencyBand
com.example.musicplugin.MusicService$updateArtwork$1
com.example.musicplugin.SettingsActivity$buildAboutCard$1$2$1
com.example.musicplugin.MusicApi$getCoverFromQQMusic$1
com.example.musicplugin.MainActivity$searchOnlineWithCallback$1
com.example.musicplugin.SongAdapter$VH
com.example.musicplugin.ShazamFingerprint$RingBufferFloat
com.example.musicplugin.MusicApi$getMvUrl$1
com.example.musicplugin.MainActivity$lyricScrollRunnable$1
com.example.musicplugin.MainActivity$onCreate$18
com.example.musicplugin.MusicApi$getCover$1
com.example.musicplugin.MusicApi$getLyrics$1
com.example.musicplugin.MusicApi$getLyricsByTitle$1$invoke$$inlined$sortByDescending$1
com.example.musicplugin.MainActivity$onCreate$3
com.example.musicplugin.ShazamFingerprint$RingBufferArray
com.example.musicplugin.R$color
com.example.musicplugin.R$style
com.example.musicplugin.RecognizeFloatingService$State
com.example.musicplugin.MusicApi$searchNeteaseMv$1
com.example.musicplugin.MusicApi$searchQQ$1
com.example.musicplugin.PvSearchActivity$PvAdapter$onBindViewHolder$2
com.example.musicplugin.MainActivity$onCreate$21
com.example.musicplugin.RecognizeFloatingService
com.example.musicplugin.ShazamApi$RecognizeResult
com.example.musicplugin.MainActivity$loadAlbumArt$1
com.example.musicplugin.MainActivity$discoverAndCast$1
com.example.musicplugin.RecognizeApi$recognize$1
com.example.musicplugin.MainActivity$searchOnline$1
com.example.musicplugin.MusicApi$getSongUrl$1
com.example.musicplugin.SettingsActivity$onCreate$4
com.example.musicplugin.databinding.ItemSongBinding
com.example.musicplugin.RecognizeApi$RecognizeResult
com.example.musicplugin.MusicApi$getLyricsByTitle$1$Candidate
com.example.musicplugin.SettingsActivity$onCreate$7
com.example.musicplugin.MusicApi$getKuwoMvUrl$1
com.example.musicplugin.R$raw
com.example.musicplugin.MusicApi$searchMvBySongTitle$1
com.example.musicplugin.MainActivity$showCastDialog$1$1$1
com.example.musicplugin.MainActivity$fetchLyricsByTitle$1
com.example.musicplugin.MusicApi$searchPvAllSources$1
com.example.musicplugin.DesktopLyricService$updateRunnable$1
com.example.musicplugin.RecognizeActivity$startRecording$tickRunnable$1
com.example.musicplugin.PvSearchActivity$onCreate$5
com.example.musicplugin.RecognizeActivity$stopAndRecognize$1
com.example.musicplugin.SettingsActivity$onCreate$8
com.example.musicplugin.SignatureVerifier
com.example.musicplugin.SongAdapter$2
com.example.musicplugin.MusicApi$fallbackToNetease$1
com.example.musicplugin.R$drawable
com.example.musicplugin.PvSearchActivity$startProgressUpdate$2
com.example.musicplugin.ShazamFingerprint$DecodedMessage$encodeToBinary$$inlined$sortedBy$1
com.example.musicplugin.MusicApi$searchKugouMv$1
com.example.musicplugin.ShazamFingerprint$SampleRate
...
androidx.appcompat.R$style: int Theme_AppCompat_Dialog
com.google.android.material.R$string: int mtrl_checkbox_button_path_unchecked
com.google.android.material.R$styleable: int TextInputLayout_boxStrokeColor
okhttp3.internal.platform.Jdk9Platform: okhttp3.internal.platform.Jdk9Platform$Companion Companion
androidx.mediarouter.R$drawable: int ic_mr_button_grey
androidx.constraintlayout.widget.R$styleable: int Toolbar_android_gravity
com.google.android.material.R$attr: int badgeWithTextRadius
okhttp3.internal.http2.Http2Stream$FramingSink: boolean closed
com.google.android.material.R$style: int Widget_AppCompat_Light_DropDownItem_Spinner
com.google.android.material.R$style: int Widget_Material3_PopupMenu
androidx.coordinatorlayout.R$styleable: int[] FontFamily
androidx.appcompat.R$styleable: int MenuGroup_android_orderInCategory
okhttp3.internal.http2.Hpack$Writer: boolean emitDynamicTableSizeUpdate
com.google.android.material.R$attr: int materialCardViewOutlinedStyle
com.google.android.material.R$layout: int mtrl_calendar_year
com.google.android.material.R$id: int open_search_view_content_container
com.google.android.material.R$color: int material_deep_teal_500
com.google.android.material.R$color: int m3_ref_palette_dynamic_neutral40
androidx.constraintlayout.widget.R$styleable: int MenuItem_iconTint
com.google.android.material.R$attr: int horizontalOffsetWithText
com.google.android.material.R$attr: int flow_lastHorizontalBias
androidx.constraintlayout.widget.R$color: int error_color_material_dark
com.google.android.material.R$style: int Base_Widget_AppCompat_ActionBar
com.google.android.material.R$styleable: int KeyAttribute_android_rotation
com.google.android.material.R$drawable: int abc_list_selector_disabled_holo_light
com.google.android.material.R$color: int material_slider_active_tick_marks_color
com.google.android.material.R$styleable: int ConstraintLayout_Layout_android_paddingLeft
androidx.mediarouter.R$drawable: int ic_vol_type_speaker_light
androidx.constraintlayout.widget.R$styleable: int ActionBar_elevation
com.google.android.material.R$dimen: int abc_alert_dialog_button_bar_height
com.google.android.material.R$style: int Theme_MaterialComponents_DayNight
androidx.dynamicanimation.R$attr: int fontProviderPackage
androidx.constraintlayout.widget.R$style: int Base_Widget_AppCompat_Button_Borderless
androidx.constraintlayout.widget.R$style: int Base_Widget_AppCompat_SeekBar
com.google.android.material.R$style: int Widget_MaterialComponents_TimePicker_ImageButton_ShapeAppearance
androidx.appcompat.R$styleable: int AppCompatTheme_actionModeWebSearchDrawable
com.google.android.material.R$dimen: int mtrl_btn_text_btn_padding_left
okhttp3.internal.http.StatusLine: okhttp3.internal.http.StatusLine$Companion Companion
com.google.android.material.R$style: int Widget_Material3_CircularProgressIndicator_Small
com.google.android.material.R$dimen: int mtrl_textinput_counter_margin_start
androidx.vectordrawable.animated.R$layout: int notification_template_custom_big
androidx.constraintlayout.widget.R$color: int abc_tint_seek_thumb
okhttp3.internal.http2.Http2: int FLAG_END_PUSH_PROMISE
com.google.android.material.R$style: int TextAppearance_Material3_HeadlineLarge
androidx.mediarouter.R$drawable: int ic_mr_button_connecting_02_light
com.google.android.material.R$dimen: int m3_back_progress_side_container_max_scale_y_distance
com.google.android.material.R$style: int Widget_MaterialComponents_MaterialCalendar_Day
androidx.constraintlayout.widget.R$styleable: int MockView_mock_diagonalsColor
com.google.android.material.R$drawable: int abc_btn_radio_material_anim
androidx.drawerlayout.R$id: int accessibility_custom_action_31
androidx.appcompat.R$styleable: int TextAppearance_fontVariationSettings
com.google.android.material.R$attr: int wavePeriod
androidx.appcompat.R$dimen: int abc_text_size_headline_material
com.google.android.material.R$id: int spline
androidx.constraintlayout.widget.R$attr: int colorControlHighlight