musicplugin/build/outputs/mapping/phoneRelease/usage.txt
com.example.musicplugin.AudioRecorder:
    private static final int CHANNEL
    private static final int FORMAT
    public static final int SAMPLE_RATE
com.example.musicplugin.DesktopLyricService:
    public static final java.lang.String CHANNEL_ID
    public static final int NOTIFICATION_ID
com.example.musicplugin.DlnaHelper:
    private static final java.lang.String SSDP_HOST
    private static final int SSDP_PORT
    private static final java.lang.String TAG
com.example.musicplugin.Favorites:
    private static final java.lang.String KEY
    private static final java.lang.String PREF_NAME
    public final int size()
com.example.musicplugin.LyricParser:
    public static synthetic java.util.List parse$default(com.example.musicplugin.LyricParser,java.lang.String,java.lang.String,int,java.lang.Object)
com.example.musicplugin.MusicApi:
    private static final java.lang.String BASE
    private static final java.lang.String TAG
    public static synthetic void getCover$default(com.example.musicplugin.MusicApi,java.lang.String,java.lang.String,java.lang.String,kotlin.jvm.functions.Function1,int,java.lang.Object)
    public final void getCoverFromKugou(java.lang.String,java.lang.String,kotlin.jvm.functions.Function1)
    public final void getCoverFromQQMusic(java.lang.String,java.lang.String,kotlin.jvm.functions.Function1)
    public final java.lang.String getKugouCookie()
    public final void getSongDetail(long,kotlin.jvm.functions.Function1)
    public final boolean hasKugouCookie()
    public final void saveKugouCookie(android.content.Context,java.lang.String)
    private final void searchKugouMv(java.lang.String,kotlin.jvm.functions.Function2)
    private final void searchKuwoMv(java.lang.String,kotlin.jvm.functions.Function2)
    public final void setSource(com.example.musicplugin.MusicApi$MusicSource)
com.example.musicplugin.PlayMode:
    public static kotlin.enums.EnumEntries getEntries()
com.example.musicplugin.Quality:
    public static kotlin.enums.EnumEntries getEntries()
    public final java.lang.String getLabel()
com.example.musicplugin.R
com.example.musicplugin.RecognizeFloatingService:
    private final void showSpinner()
com.example.musicplugin.SettingsActivity:
    private final android.widget.LinearLayout buildAnnouncementCard(java.lang.String,java.lang.String)
com.example.musicplugin.ShazamApi:
    private static final java.lang.String KEY_JSON_URL
    private static final java.lang.String MATCH_BASE_URL
    private static final java.lang.String TAG
    private static final long TOKEN_CACHE_MS
    private static final java.lang.String TOKEN_EXPIRE_KEY
    private static final java.lang.String TOKEN_PREF_KEY
    private static final java.lang.String TOKEN_SERVICE_URL
com.example.musicplugin.SongAdapter:
    public synthetic void <init>(kotlin.jvm.functions.Function2,kotlin.jvm.functions.Function2,kotlin.jvm.functions.Function1,int,kotlin.jvm.internal.DefaultConstructorMarker)
com.example.musicplugin.AudioRecorder:
    public static final com.example.musicplugin.AudioRecorder$Companion Companion
    public static void writeWav()
com.example.musicplugin.BitmapLoader:
    public static final com.example.musicplugin.BitmapLoader INSTANCE
    public static final int cacheSize
    public static android.graphics.Bitmap download()
com.example.musicplugin.DesktopLyricService:
    public static android.app.Notification buildNotification()
    public static void createChannel()
    public static void createFloatingView()
    public static void updateLyric()
com.example.musicplugin.DlnaHelper:
    public static final com.example.musicplugin.DlnaHelper INSTANCE
    public static void cast()
    public static void discover()
    public static void stop()
com.example.musicplugin.FFT:
    public final int n
    public static void bitReverseCopy()
    public static double[] createComplexArray()
    public static void realTransform()
    public static void transform()
...
androidx.appcompat.app.AppCompatDelegate$NightMode
androidx.appcompat.app.AppCompatDelegate:
    static final java.lang.String APP_LOCALES_META_DATA_HOLDER_SERVICE_NAME
    static final boolean DEBUG
    public static final int FEATURE_ACTION_MODE_OVERLAY
    public static final int FEATURE_SUPPORT_ACTION_BAR
    public static final int FEATURE_SUPPORT_ACTION_BAR_OVERLAY
    public static final int MODE_NIGHT_AUTO
    public static final int MODE_NIGHT_AUTO_BATTERY
    public static final int MODE_NIGHT_AUTO_TIME
    public static final int MODE_NIGHT_FOLLOW_SYSTEM
    public static final int MODE_NIGHT_NO
    public static final int MODE_NIGHT_UNSPECIFIED
    public static final int MODE_NIGHT_YES
    static final java.lang.String TAG
    boolean applyAppLocales()
    public abstract boolean applyDayNight()
    private static void applyDayNightToActiveDelegates()
    private static void applyLocalesToActiveDelegates()
    void asyncExecuteSyncRequestedAndStoredLocales(android.content.Context)
    public static androidx.appcompat.app.AppCompatDelegate create(android.content.Context,android.app.Activity,androidx.appcompat.app.AppCompatCallback)
    public static androidx.appcompat.app.AppCompatDelegate create(android.content.Context,android.view.Window,androidx.appcompat.app.AppCompatCallback)
    public abstract android.view.View createView(android.view.View,java.lang.String,android.content.Context,android.util.AttributeSet)
    static androidx.core.os.LocaleListCompat getStoredAppLocales()
androidx.appcompat.app.AppCompatDelegateImpl$ActionBarDrawableToggleImpl:
    public android.content.Context getActionBarThemedContext()
    public android.graphics.drawable.Drawable getThemeUpIndicator()
    public boolean isNavigationVisible()
    public void setActionBarDescription(int)
    public void setActionBarUpIndicator(android.graphics.drawable.Drawable,int)
androidx.appcompat.app.AppCompatDelegateImpl$Api21Impl:
    private void <init>()
androidx.appcompat.app.AppCompatDelegateImpl$Api24Impl:
    private void <init>()
androidx.appcompat.app.AppCompatDelegateImpl$Api26Impl:
    private void <init>()
androidx.appcompat.app.AppCompatDelegateImpl$Api33Impl:
    private void <init>()
androidx.appcompat.app.AppCompatDelegateImpl$AutoNightModeManager:
    boolean isListening()
androidx.appcompat.app.AppCompatDelegateImpl$PanelFeatureState$SavedState$1
androidx.appcompat.app.AppCompatDelegateImpl$PanelFeatureState$SavedState
androidx.appcompat.app.AppCompatDelegateImpl$PanelFeatureState:
    android.os.Bundle frozenMenuState
    boolean wasLastOpen
    void applyFrozenState()
    public void clearMenuPresenters()
    void onRestoreInstanceState(android.os.Parcelable)
    android.os.Parcelable onSaveInstanceState()
androidx.appcompat.app.AppCompatDelegateImpl:
    static final java.lang.String EXCEPTION_HANDLER_MESSAGE_SUFFIX
    void <init>(android.content.Context,android.app.Activity,androidx.appcompat.app.AppCompatCallback)
    void <init>(android.content.Context,android.view.Window,androidx.appcompat.app.AppCompatCallback)
    boolean applyAppLocales()
    final androidx.appcompat.app.AppCompatDelegateImpl$AutoNightModeManager getAutoTimeNightModeManager()
    android.view.ViewGroup getSubDecor()
    public boolean hasWindowFeature(int)
    public void setHandleNativeActionModesEnabled(boolean)
    public void setLocalNightMode(int)
androidx.appcompat.app.AppCompatDialog:
    public void <init>(android.content.Context)
    protected void <init>(android.content.Context,boolean,android.content.DialogInterface$OnCancelListener)
    public androidx.appcompat.app.ActionBar getSupportActionBar()
androidx.appcompat.app.AppCompatDialogFragment
androidx.appcompat.app.AppCompatViewInflater:
    private static final java.lang.String LOG_TAG
androidx.appcompat.app.AppLocalesMetadataHolderService$Api24Impl:
    private void <init>()